<?xml version="1.0" encoding="UTF-8"?>
<testsuite name="com.jojoldu.book.springboot.web.PostsApiControllerTest" tests="3" skipped="0" failures="0" errors="0" timestamp="2022-01-16T07:32:54" hostname="Suminui-MacBookAir.local" time="0.094">
  <properties/>
  <testcase name="BaseTimeEntity_등록" classname="com.jojoldu.book.springboot.web.PostsApiControllerTest" time="0.052"/>
  <testcase name="Posts_등록된다" classname="com.jojoldu.book.springboot.web.PostsApiControllerTest" time="0.028"/>
  <testcase name="Posts_수정된다" classname="com.jojoldu.book.springboot.web.PostsApiControllerTest" time="0.013"/>
  <system-out><![CDATA[2022-01-16 16:32:54.496  INFO 49025 --- [    Test worker] o.a.c.c.C.[Tomcat].[localhost].[/]       : Initializing Spring TestDispatcherServlet ''
2022-01-16 16:32:54.497  INFO 49025 --- [    Test worker] o.s.t.web.servlet.TestDispatcherServlet  : Initializing Servlet ''
2022-01-16 16:32:54.497  INFO 49025 --- [    Test worker] o.s.t.web.servlet.TestDispatcherServlet  : Completed initialization in 0 ms
Hibernate: insert into posts (created_date, modified_date, author, content, title) values (?, ?, ?, ?, ?)
Hibernate: select posts0_.id as id1_0_, posts0_.created_date as created_2_0_, posts0_.modified_date as modified3_0_, posts0_.author as author4_0_, posts0_.content as content5_0_, posts0_.title as title6_0_ from posts posts0_
>>>>>>>>>>> createdDate=2022-01-16T16:32:54.516821, modifiedDate=2022-01-16T16:32:54.516821
Hibernate: select posts0_.id as id1_0_, posts0_.created_date as created_2_0_, posts0_.modified_date as modified3_0_, posts0_.author as author4_0_, posts0_.content as content5_0_, posts0_.title as title6_0_ from posts posts0_
Hibernate: delete from posts where id=?
2022-01-16 16:32:54.549  INFO 49025 --- [    Test worker] o.a.c.c.C.[Tomcat].[localhost].[/]       : Initializing Spring TestDispatcherServlet ''
2022-01-16 16:32:54.549  INFO 49025 --- [    Test worker] o.s.t.web.servlet.TestDispatcherServlet  : Initializing Servlet ''
2022-01-16 16:32:54.550  INFO 49025 --- [    Test worker] o.s.t.web.servlet.TestDispatcherServlet  : Completed initialization in 1 ms
Hibernate: insert into posts (created_date, modified_date, author, content, title) values (?, ?, ?, ?, ?)
Hibernate: select posts0_.id as id1_0_, posts0_.created_date as created_2_0_, posts0_.modified_date as modified3_0_, posts0_.author as author4_0_, posts0_.content as content5_0_, posts0_.title as title6_0_ from posts posts0_
Hibernate: select posts0_.id as id1_0_, posts0_.created_date as created_2_0_, posts0_.modified_date as modified3_0_, posts0_.author as author4_0_, posts0_.content as content5_0_, posts0_.title as title6_0_ from posts posts0_
Hibernate: delete from posts where id=?
2022-01-16 16:32:54.577  INFO 49025 --- [    Test worker] o.a.c.c.C.[Tomcat].[localhost].[/]       : Initializing Spring TestDispatcherServlet ''
2022-01-16 16:32:54.578  INFO 49025 --- [    Test worker] o.s.t.web.servlet.TestDispatcherServlet  : Initializing Servlet ''
2022-01-16 16:32:54.578  INFO 49025 --- [    Test worker] o.s.t.web.servlet.TestDispatcherServlet  : Completed initialization in 0 ms
Hibernate: insert into posts (created_date, modified_date, author, content, title) values (?, ?, ?, ?, ?)
Hibernate: select posts0_.id as id1_0_, posts0_.created_date as created_2_0_, posts0_.modified_date as modified3_0_, posts0_.author as author4_0_, posts0_.content as content5_0_, posts0_.title as title6_0_ from posts posts0_
Hibernate: select posts0_.id as id1_0_, posts0_.created_date as created_2_0_, posts0_.modified_date as modified3_0_, posts0_.author as author4_0_, posts0_.content as content5_0_, posts0_.title as title6_0_ from posts posts0_
Hibernate: delete from posts where id=?
]]></system-out>
  <system-err><![CDATA[]]></system-err>
</testsuite>
