<?xml version="1.0" encoding="UTF-8"?>
<testsuite name="com.jojoldu.book.springboot.web.HelloControllerTest" tests="2" skipped="0" failures="0" errors="0" timestamp="2022-01-16T07:37:16" hostname="Suminui-MacBookAir.local" time="0.038">
  <properties/>
  <testcase name="helloDto가_리턴된다" classname="com.jojoldu.book.springboot.web.HelloControllerTest" time="0.034"/>
  <testcase name="returns_hello" classname="com.jojoldu.book.springboot.web.HelloControllerTest" time="0.004"/>
  <system-out><![CDATA[
  .   ____          _            __ _ _
 /\\ / ___'_ __ _ _(_)_ __  __ _ \ \ \ \
( ( )\___ | '_ | '_| | '_ \/ _` | \ \ \ \
 \\/  ___)| |_)| | | | | || (_| |  ) ) ) )
  '  |____| .__|_| |_|_| |_\__, | / / / /
 =========|_|==============|___/=/_/_/_/
 :: Spring Boot ::        (v2.1.9.RELEASE)

2022-01-16 16:37:16.490  INFO 49136 --- [    Test worker] c.j.b.s.web.HelloControllerTest          : Starting HelloControllerTest on Suminui-MacBookAir.local with PID 49136 (started by suminlee in /Users/suminlee/Desktop/ErrandForMe/springboot2-webservice)
2022-01-16 16:37:16.491  INFO 49136 --- [    Test worker] c.j.b.s.web.HelloControllerTest          : No active profile set, falling back to default profiles: default
2022-01-16 16:37:16.609  INFO 49136 --- [    Test worker] o.s.s.concurrent.ThreadPoolTaskExecutor  : Initializing ExecutorService 'applicationTaskExecutor'
2022-01-16 16:37:16.618  INFO 49136 --- [    Test worker] o.s.b.a.w.s.WelcomePageHandlerMapping    : Adding welcome page template: index
2022-01-16 16:37:16.661  INFO 49136 --- [    Test worker] .s.s.UserDetailsServiceAutoConfiguration : 

Using generated security password: a9cbd992-92a2-4478-a400-88d6aa78c86d

2022-01-16 16:37:16.686  INFO 49136 --- [    Test worker] o.s.s.web.DefaultSecurityFilterChain     : Creating filter chain: any request, [org.springframework.security.web.context.request.async.WebAsyncManagerIntegrationFilter@2f06952e, org.springframework.security.web.context.SecurityContextPersistenceFilter@10a95df9, org.springframework.security.web.header.HeaderWriterFilter@2648c970, org.springframework.security.web.csrf.CsrfFilter@4b7147b3, org.springframework.security.web.authentication.logout.LogoutFilter@210f3b1, org.springframework.security.web.authentication.UsernamePasswordAuthenticationFilter@5023df9a, org.springframework.security.web.authentication.ui.DefaultLoginPageGeneratingFilter@1f84596d, org.springframework.security.web.authentication.ui.DefaultLogoutPageGeneratingFilter@5d0e035, org.springframework.security.web.authentication.www.BasicAuthenticationFilter@6801b527, org.springframework.security.web.savedrequest.RequestCacheAwareFilter@3299da7b, org.springframework.security.web.servletapi.SecurityContextHolderAwareRequestFilter@527a8611, org.springframework.security.web.authentication.AnonymousAuthenticationFilter@609dc525, org.springframework.security.web.session.SessionManagementFilter@67454ed5, org.springframework.security.web.access.ExceptionTranslationFilter@722a0710, org.springframework.security.web.access.intercept.FilterSecurityInterceptor@627f806b]
2022-01-16 16:37:16.695  INFO 49136 --- [    Test worker] o.s.b.t.m.w.SpringBootMockServletContext : Initializing Spring TestDispatcherServlet ''
2022-01-16 16:37:16.695  INFO 49136 --- [    Test worker] o.s.t.web.servlet.TestDispatcherServlet  : Initializing Servlet ''
2022-01-16 16:37:16.697  INFO 49136 --- [    Test worker] o.s.t.web.servlet.TestDispatcherServlet  : Completed initialization in 1 ms
2022-01-16 16:37:16.706  INFO 49136 --- [    Test worker] c.j.b.s.web.HelloControllerTest          : Started HelloControllerTest in 0.226 seconds (JVM running for 3.143)
]]></system-out>
  <system-err><![CDATA[]]></system-err>
</testsuite>
