<?xml version="1.0" encoding="UTF-8"?>
<testsuite name="com.jojoldu.book.springboot.web.HelloControllerTest" tests="2" skipped="0" failures="0" errors="0" timestamp="2022-01-16T07:32:54" hostname="Suminui-MacBookAir.local" time="0.042">
  <properties/>
  <testcase name="helloDto가_리턴된다" classname="com.jojoldu.book.springboot.web.HelloControllerTest" time="0.038"/>
  <testcase name="returns_hello" classname="com.jojoldu.book.springboot.web.HelloControllerTest" time="0.003"/>
  <system-out><![CDATA[
  .   ____          _            __ _ _
 /\\ / ___'_ __ _ _(_)_ __  __ _ \ \ \ \
( ( )\___ | '_ | '_| | '_ \/ _` | \ \ \ \
 \\/  ___)| |_)| | | | | || (_| |  ) ) ) )
  '  |____| .__|_| |_|_| |_\__, | / / / /
 =========|_|==============|___/=/_/_/_/
 :: Spring Boot ::        (v2.1.9.RELEASE)

2022-01-16 16:32:54.175  INFO 49025 --- [    Test worker] c.j.b.s.web.HelloControllerTest          : Starting HelloControllerTest on Suminui-MacBookAir.local with PID 49025 (started by suminlee in /Users/suminlee/Desktop/ErrandForMe/springboot2-webservice)
2022-01-16 16:32:54.175  INFO 49025 --- [    Test worker] c.j.b.s.web.HelloControllerTest          : No active profile set, falling back to default profiles: default
2022-01-16 16:32:54.308  INFO 49025 --- [    Test worker] o.s.s.concurrent.ThreadPoolTaskExecutor  : Initializing ExecutorService 'applicationTaskExecutor'
2022-01-16 16:32:54.317  INFO 49025 --- [    Test worker] o.s.b.a.w.s.WelcomePageHandlerMapping    : Adding welcome page template: index
2022-01-16 16:32:54.364  INFO 49025 --- [    Test worker] .s.s.UserDetailsServiceAutoConfiguration : 

Using generated security password: d1a38ab4-fdd1-43e4-9b63-2d81a425cb0b

2022-01-16 16:32:54.398  INFO 49025 --- [    Test worker] o.s.s.web.DefaultSecurityFilterChain     : Creating filter chain: any request, [org.springframework.security.web.context.request.async.WebAsyncManagerIntegrationFilter@70d3debd, org.springframework.security.web.context.SecurityContextPersistenceFilter@3bcf471, org.springframework.security.web.header.HeaderWriterFilter@3022739, org.springframework.security.web.csrf.CsrfFilter@67f5b246, org.springframework.security.web.authentication.logout.LogoutFilter@7a6d51b2, org.springframework.security.web.authentication.UsernamePasswordAuthenticationFilter@54afdbae, org.springframework.security.web.authentication.ui.DefaultLoginPageGeneratingFilter@74785442, org.springframework.security.web.authentication.ui.DefaultLogoutPageGeneratingFilter@1371a144, org.springframework.security.web.authentication.www.BasicAuthenticationFilter@d76b81a, org.springframework.security.web.savedrequest.RequestCacheAwareFilter@515d1366, org.springframework.security.web.servletapi.SecurityContextHolderAwareRequestFilter@4374cd9b, org.springframework.security.web.authentication.AnonymousAuthenticationFilter@2bff7d58, org.springframework.security.web.session.SessionManagementFilter@49afc29d, org.springframework.security.web.access.ExceptionTranslationFilter@6516e4a4, org.springframework.security.web.access.intercept.FilterSecurityInterceptor@6e6ca5ef]
2022-01-16 16:32:54.405  INFO 49025 --- [    Test worker] o.s.b.t.m.w.SpringBootMockServletContext : Initializing Spring TestDispatcherServlet ''
2022-01-16 16:32:54.405  INFO 49025 --- [    Test worker] o.s.t.web.servlet.TestDispatcherServlet  : Initializing Servlet ''
2022-01-16 16:32:54.405  INFO 49025 --- [    Test worker] o.s.t.web.servlet.TestDispatcherServlet  : Completed initialization in 0 ms
2022-01-16 16:32:54.415  INFO 49025 --- [    Test worker] c.j.b.s.web.HelloControllerTest          : Started HelloControllerTest in 0.248 seconds (JVM running for 3.173)
]]></system-out>
  <system-err><![CDATA[]]></system-err>
</testsuite>
